<?xml version="1.0" encoding="UTF-8"?>
<!-- Generated by org.testng.reporters.JUnitReportReporter -->
<testsuite skipped="0" hostname="DESKTOP-97EVBUB" name="firstMavenProjectObjects.SecondClass" tests="1" failures="0" timestamp="2020-07-15T15:30:15 IST" time="0.016" errors="0">
  <testcase name="provider" time="0.016" classname="firstMavenProjectObjects.SecondClass"/>
  <system-out/>
</testsuite> <!-- firstMavenProjectObjects.SecondClass -->
