<?xml version="1.0" encoding="UTF-8"?>
<!-- Generated by org.testng.reporters.JUnitReportReporter -->
<testsuite skipped="0" hostname="DESKTOP-97EVBUB" name="firstMavenProjectObjects.FirstClass" tests="3" failures="0" timestamp="2020-07-15T15:30:15 IST" time="0.021" errors="0">
  <testcase name="method1" time="0.006" classname="firstMavenProjectObjects.FirstClass"/>
  <system-out/>
  <testcase name="method2" time="0.012" classname="firstMavenProjectObjects.FirstClass"/>
  <system-out/>
  <testcase name="method" time="0.003" classname="firstMavenProjectObjects.FirstClass"/>
  <system-out/>
</testsuite> <!-- firstMavenProjectObjects.FirstClass -->
